2022-07-24 15:11:46.557  INFO 21844 --- [restartedMain] com.ssafy.GroupCallApplication           : Starting GroupCallApplication using Java 1.8.0_192 on DESKTOP-KVCQHCD with PID 21844 (C:\Users\multicampus\Desktop\skeleton-project-master\skeleton-project-master\backend-java\out\production\classes started by multicampus in C:\Users\multicampus\Desktop\skeleton-project-master\skeleton-project-master\backend-java)
2022-07-24 15:11:46.559  INFO 21844 --- [restartedMain] com.ssafy.GroupCallApplication           : No active profile set, falling back to default profiles: default
2022-07-24 15:11:46.602  INFO 21844 --- [restartedMain] .e.DevToolsPropertyDefaultsPostProcessor : Devtools property defaults active! Set 'spring.devtools.add-properties' to 'false' to disable
2022-07-24 15:11:46.603  INFO 21844 --- [restartedMain] .e.DevToolsPropertyDefaultsPostProcessor : For additional web related logging consider setting the 'logging.level.web' property to 'DEBUG'
2022-07-24 15:11:47.611  INFO 21844 --- [restartedMain] .s.d.r.c.RepositoryConfigurationDelegate : Bootstrapping Spring Data JPA repositories in DEFAULT mode.
2022-07-24 15:11:47.659  INFO 21844 --- [restartedMain] .s.d.r.c.RepositoryConfigurationDelegate : Finished Spring Data repository scanning in 41 ms. Found 1 JPA repository interfaces.
2022-07-24 15:11:47.892  INFO 21844 --- [restartedMain] trationDelegate$BeanPostProcessorChecker : Bean 'org.springframework.security.access.expression.method.DefaultMethodSecurityExpressionHandler@568126aa' of type [org.springframework.security.access.expression.method.DefaultMethodSecurityExpressionHandler] is not eligible for getting processed by all BeanPostProcessors (for example: not eligible for auto-proxying)
2022-07-24 15:11:47.897  INFO 21844 --- [restartedMain] trationDelegate$BeanPostProcessorChecker : Bean 'methodSecurityMetadataSource' of type [org.springframework.security.access.method.DelegatingMethodSecurityMetadataSource] is not eligible for getting processed by all BeanPostProcessors (for example: not eligible for auto-proxying)
2022-07-24 15:11:48.093  INFO 21844 --- [restartedMain] o.s.b.w.embedded.tomcat.TomcatWebServer  : Tomcat initialized with port(s): 8080 (http)
2022-07-24 15:11:48.103  INFO 21844 --- [restartedMain] o.apache.catalina.core.StandardService   : Starting service [Tomcat]
2022-07-24 15:11:48.103  INFO 21844 --- [restartedMain] org.apache.catalina.core.StandardEngine  : Starting Servlet engine: [Apache Tomcat/9.0.45]
2022-07-24 15:11:48.198  INFO 21844 --- [restartedMain] o.a.c.c.C.[Tomcat].[localhost].[/]       : Initializing Spring embedded WebApplicationContext
2022-07-24 15:11:48.199  INFO 21844 --- [restartedMain] w.s.c.ServletWebServerApplicationContext : Root WebApplicationContext: initialization completed in 1595 ms
2022-07-24 15:11:48.299 DEBUG 21844 --- [restartedMain] o.s.web.filter.CharacterEncodingFilter   : Filter 'characterEncodingFilter' configured for use
2022-07-24 15:11:48.299 DEBUG 21844 --- [restartedMain] o.s.w.f.CommonsRequestLoggingFilter      : Filter 'commonsRequestLoggingFilter' configured for use
2022-07-24 15:11:48.403  INFO 21844 --- [restartedMain] o.hibernate.jpa.internal.util.LogHelper  : HHH000204: Processing PersistenceUnitInfo [name: default]
2022-07-24 15:11:48.498  INFO 21844 --- [restartedMain] org.hibernate.Version                    : HHH000412: Hibernate ORM core version 5.4.30.Final
2022-07-24 15:11:48.590  INFO 21844 --- [restartedMain] o.hibernate.annotations.common.Version   : HCANN000001: Hibernate Commons Annotations {5.1.2.Final}
2022-07-24 15:11:48.666  INFO 21844 --- [restartedMain] com.zaxxer.hikari.HikariDataSource       : HikariPool-1 - Starting...
2022-07-24 15:11:48.820  INFO 21844 --- [restartedMain] com.zaxxer.hikari.HikariDataSource       : HikariPool-1 - Start completed.
2022-07-24 15:11:48.829  INFO 21844 --- [restartedMain] org.hibernate.dialect.Dialect            : HHH000400: Using dialect: org.hibernate.dialect.MySQL57Dialect
2022-07-24 15:11:49.249  INFO 21844 --- [restartedMain] o.h.e.t.j.p.i.JtaPlatformInitiator       : HHH000490: Using JtaPlatform implementation: [org.hibernate.engine.transaction.jta.platform.internal.NoJtaPlatform]
2022-07-24 15:11:49.256  INFO 21844 --- [restartedMain] j.LocalContainerEntityManagerFactoryBean : Initialized JPA EntityManagerFactory for persistence unit 'default'
2022-07-24 15:11:49.285  INFO 21844 --- [restartedMain] o.s.b.d.a.OptionalLiveReloadServer       : LiveReload server is running on port 35729
2022-07-24 15:11:49.587  WARN 21844 --- [restartedMain] JpaBaseConfiguration$JpaWebConfiguration : spring.jpa.open-in-view is enabled by default. Therefore, database queries may be performed during view rendering. Explicitly configure spring.jpa.open-in-view to disable this warning
2022-07-24 15:11:49.824 DEBUG 21844 --- [restartedMain] s.w.s.m.m.a.RequestMappingHandlerMapping : 13 mappings in 'requestMappingHandlerMapping'
2022-07-24 15:11:49.912  INFO 21844 --- [restartedMain] o.s.b.a.e.web.EndpointLinksResolver      : Exposing 2 endpoint(s) beneath base path '/actuator'
2022-07-24 15:11:50.239  INFO 21844 --- [restartedMain] o.s.s.web.DefaultSecurityFilterChain     : Will secure any request with [org.springframework.security.web.context.request.async.WebAsyncManagerIntegrationFilter@396c076b, org.springframework.security.web.context.SecurityContextPersistenceFilter@6bbfcfd, org.springframework.security.web.header.HeaderWriterFilter@649fa722, org.springframework.web.filter.CorsFilter@3c64b4e1, org.springframework.security.web.authentication.logout.LogoutFilter@24814f95, com.ssafy.common.auth.JwtAuthenticationFilter@40a33cc7, org.springframework.security.web.savedrequest.RequestCacheAwareFilter@6752b4e5, org.springframework.security.web.servletapi.SecurityContextHolderAwareRequestFilter@6a2b20dc, org.springframework.security.web.authentication.AnonymousAuthenticationFilter@579ea0a1, org.springframework.security.web.session.SessionManagementFilter@6cac81d8, org.springframework.security.web.access.ExceptionTranslationFilter@6bb0abe9, org.springframework.security.web.access.intercept.FilterSecurityInterceptor@4c282cbb]
2022-07-24 15:11:50.290  INFO 21844 --- [restartedMain] o.s.s.concurrent.ThreadPoolTaskExecutor  : Initializing ExecutorService 'applicationTaskExecutor'
2022-07-24 15:11:50.301 DEBUG 21844 --- [restartedMain] s.w.s.m.m.a.RequestMappingHandlerAdapter : ControllerAdvice beans: 0 @ModelAttribute, 0 @InitBinder, 1 RequestBodyAdvice, 1 ResponseBodyAdvice
2022-07-24 15:11:50.329 DEBUG 21844 --- [restartedMain] o.s.w.s.handler.SimpleUrlHandlerMapping  : Patterns [/swagger-ui/] in 'viewControllerHandlerMapping'
2022-07-24 15:11:50.341 DEBUG 21844 --- [restartedMain] o.s.w.s.c.annotation.WebMvcConfigurer    : Default resource handling disabled
2022-07-24 15:11:50.462 DEBUG 21844 --- [restartedMain] o.s.w.s.handler.SimpleUrlHandlerMapping  : Patterns [/resources/**, /swagger-ui.html, /webjars/**, /css/**, /fonts/**, /icons/**, /img/**, /js/**, /swagger-ui/**] in 'resourceHandlerMapping'
2022-07-24 15:11:50.469 DEBUG 21844 --- [restartedMain] .m.m.a.ExceptionHandlerExceptionResolver : ControllerAdvice beans: 1 @ExceptionHandler, 1 ResponseBodyAdvice
2022-07-24 15:11:50.679  INFO 21844 --- [restartedMain] o.s.b.w.embedded.tomcat.TomcatWebServer  : Tomcat started on port(s): 8080 (http) with context path ''
2022-07-24 15:11:50.846  INFO 21844 --- [restartedMain] com.ssafy.GroupCallApplication           : Started GroupCallApplication in 4.634 seconds (JVM running for 5.972)
2022-07-24 15:11:51.601  INFO 21844 --- [RMI TCP Connection(5)-192.168.219.118] o.a.c.c.C.[Tomcat].[localhost].[/]       : Initializing Spring DispatcherServlet 'dispatcherServlet'
2022-07-24 15:11:51.601  INFO 21844 --- [RMI TCP Connection(5)-192.168.219.118] o.s.web.servlet.DispatcherServlet        : Initializing Servlet 'dispatcherServlet'
2022-07-24 15:11:51.602 DEBUG 21844 --- [RMI TCP Connection(5)-192.168.219.118] o.s.web.servlet.DispatcherServlet        : Detected StandardServletMultipartResolver
2022-07-24 15:11:51.602 DEBUG 21844 --- [RMI TCP Connection(5)-192.168.219.118] o.s.web.servlet.DispatcherServlet        : Detected AcceptHeaderLocaleResolver
2022-07-24 15:11:51.602 DEBUG 21844 --- [RMI TCP Connection(5)-192.168.219.118] o.s.web.servlet.DispatcherServlet        : Detected FixedThemeResolver
2022-07-24 15:11:51.603 DEBUG 21844 --- [RMI TCP Connection(5)-192.168.219.118] o.s.web.servlet.DispatcherServlet        : Detected org.springframework.web.servlet.view.DefaultRequestToViewNameTranslator@3035c2a4
2022-07-24 15:11:51.603 DEBUG 21844 --- [RMI TCP Connection(5)-192.168.219.118] o.s.web.servlet.DispatcherServlet        : Detected org.springframework.web.servlet.support.SessionFlashMapManager@12b510e9
2022-07-24 15:11:51.603 DEBUG 21844 --- [RMI TCP Connection(5)-192.168.219.118] o.s.web.servlet.DispatcherServlet        : enableLoggingRequestDetails='false': request parameters and headers will be masked to prevent unsafe logging of potentially sensitive data
2022-07-24 15:11:51.603  INFO 21844 --- [RMI TCP Connection(5)-192.168.219.118] o.s.web.servlet.DispatcherServlet        : Completed initialization in 1 ms
2022-07-24 15:13:17.669  INFO 21844 --- [SpringContextShutdownHook] o.s.s.concurrent.ThreadPoolTaskExecutor  : Shutting down ExecutorService 'applicationTaskExecutor'
2022-07-24 15:13:17.673  INFO 21844 --- [SpringContextShutdownHook] j.LocalContainerEntityManagerFactoryBean : Closing JPA EntityManagerFactory for persistence unit 'default'
2022-07-24 15:13:17.677  INFO 21844 --- [SpringContextShutdownHook] com.zaxxer.hikari.HikariDataSource       : HikariPool-1 - Shutdown initiated...
2022-07-24 15:13:17.680  INFO 21844 --- [SpringContextShutdownHook] com.zaxxer.hikari.HikariDataSource       : HikariPool-1 - Shutdown completed.
2022-07-24 15:13:20.616  INFO 23336 --- [restartedMain] com.ssafy.GroupCallApplication           : Starting GroupCallApplication using Java 1.8.0_192 on DESKTOP-KVCQHCD with PID 23336 (C:\Users\multicampus\Desktop\skeleton-project-master\skeleton-project-master\backend-java\out\production\classes started by multicampus in C:\Users\multicampus\Desktop\skeleton-project-master\skeleton-project-master\backend-java)
2022-07-24 15:13:20.619  INFO 23336 --- [restartedMain] com.ssafy.GroupCallApplication           : No active profile set, falling back to default profiles: default
2022-07-24 15:13:20.652  INFO 23336 --- [restartedMain] .e.DevToolsPropertyDefaultsPostProcessor : Devtools property defaults active! Set 'spring.devtools.add-properties' to 'false' to disable
2022-07-24 15:13:20.652  INFO 23336 --- [restartedMain] .e.DevToolsPropertyDefaultsPostProcessor : For additional web related logging consider setting the 'logging.level.web' property to 'DEBUG'
2022-07-24 15:13:21.533  INFO 23336 --- [restartedMain] .s.d.r.c.RepositoryConfigurationDelegate : Bootstrapping Spring Data JPA repositories in DEFAULT mode.
2022-07-24 15:13:21.577  INFO 23336 --- [restartedMain] .s.d.r.c.RepositoryConfigurationDelegate : Finished Spring Data repository scanning in 39 ms. Found 1 JPA repository interfaces.
2022-07-24 15:13:21.803  INFO 23336 --- [restartedMain] trationDelegate$BeanPostProcessorChecker : Bean 'org.springframework.security.access.expression.method.DefaultMethodSecurityExpressionHandler@546f0d05' of type [org.springframework.security.access.expression.method.DefaultMethodSecurityExpressionHandler] is not eligible for getting processed by all BeanPostProcessors (for example: not eligible for auto-proxying)
2022-07-24 15:13:21.805  INFO 23336 --- [restartedMain] trationDelegate$BeanPostProcessorChecker : Bean 'methodSecurityMetadataSource' of type [org.springframework.security.access.method.DelegatingMethodSecurityMetadataSource] is not eligible for getting processed by all BeanPostProcessors (for example: not eligible for auto-proxying)
2022-07-24 15:13:21.995  INFO 23336 --- [restartedMain] o.s.b.w.embedded.tomcat.TomcatWebServer  : Tomcat initialized with port(s): 8080 (http)
2022-07-24 15:13:22.001  INFO 23336 --- [restartedMain] o.apache.catalina.core.StandardService   : Starting service [Tomcat]
2022-07-24 15:13:22.001  INFO 23336 --- [restartedMain] org.apache.catalina.core.StandardEngine  : Starting Servlet engine: [Apache Tomcat/9.0.45]
2022-07-24 15:13:22.103  INFO 23336 --- [restartedMain] o.a.c.c.C.[Tomcat].[localhost].[/]       : Initializing Spring embedded WebApplicationContext
2022-07-24 15:13:22.103  INFO 23336 --- [restartedMain] w.s.c.ServletWebServerApplicationContext : Root WebApplicationContext: initialization completed in 1450 ms
2022-07-24 15:13:22.202 DEBUG 23336 --- [restartedMain] o.s.web.filter.CharacterEncodingFilter   : Filter 'characterEncodingFilter' configured for use
2022-07-24 15:13:22.202 DEBUG 23336 --- [restartedMain] o.s.w.f.CommonsRequestLoggingFilter      : Filter 'commonsRequestLoggingFilter' configured for use
2022-07-24 15:13:22.298  INFO 23336 --- [restartedMain] o.hibernate.jpa.internal.util.LogHelper  : HHH000204: Processing PersistenceUnitInfo [name: default]
2022-07-24 15:13:22.397  INFO 23336 --- [restartedMain] org.hibernate.Version                    : HHH000412: Hibernate ORM core version 5.4.30.Final
2022-07-24 15:13:22.486  INFO 23336 --- [restartedMain] o.hibernate.annotations.common.Version   : HCANN000001: Hibernate Commons Annotations {5.1.2.Final}
2022-07-24 15:13:22.550  INFO 23336 --- [restartedMain] com.zaxxer.hikari.HikariDataSource       : HikariPool-1 - Starting...
2022-07-24 15:13:22.705  INFO 23336 --- [restartedMain] com.zaxxer.hikari.HikariDataSource       : HikariPool-1 - Start completed.
2022-07-24 15:13:22.714  INFO 23336 --- [restartedMain] org.hibernate.dialect.Dialect            : HHH000400: Using dialect: org.hibernate.dialect.MySQL57Dialect
2022-07-24 15:13:23.091  INFO 23336 --- [restartedMain] o.h.e.t.j.p.i.JtaPlatformInitiator       : HHH000490: Using JtaPlatform implementation: [org.hibernate.engine.transaction.jta.platform.internal.NoJtaPlatform]
2022-07-24 15:13:23.098  INFO 23336 --- [restartedMain] j.LocalContainerEntityManagerFactoryBean : Initialized JPA EntityManagerFactory for persistence unit 'default'
2022-07-24 15:13:23.124  INFO 23336 --- [restartedMain] o.s.b.d.a.OptionalLiveReloadServer       : LiveReload server is running on port 35729
2022-07-24 15:13:23.396  WARN 23336 --- [restartedMain] JpaBaseConfiguration$JpaWebConfiguration : spring.jpa.open-in-view is enabled by default. Therefore, database queries may be performed during view rendering. Explicitly configure spring.jpa.open-in-view to disable this warning
2022-07-24 15:13:23.603 DEBUG 23336 --- [restartedMain] s.w.s.m.m.a.RequestMappingHandlerMapping : 13 mappings in 'requestMappingHandlerMapping'
2022-07-24 15:13:23.680  INFO 23336 --- [restartedMain] o.s.b.a.e.web.EndpointLinksResolver      : Exposing 2 endpoint(s) beneath base path '/actuator'
2022-07-24 15:13:23.975  INFO 23336 --- [restartedMain] o.s.s.web.DefaultSecurityFilterChain     : Will secure any request with [org.springframework.security.web.context.request.async.WebAsyncManagerIntegrationFilter@2901e502, org.springframework.security.web.context.SecurityContextPersistenceFilter@11ecf92a, org.springframework.security.web.header.HeaderWriterFilter@60f4ee15, org.springframework.web.filter.CorsFilter@205d82e1, org.springframework.security.web.authentication.logout.LogoutFilter@5b0cb709, com.ssafy.common.auth.JwtAuthenticationFilter@681c07ef, org.springframework.security.web.savedrequest.RequestCacheAwareFilter@ef7ce4d, org.springframework.security.web.servletapi.SecurityContextHolderAwareRequestFilter@153f8de4, org.springframework.security.web.authentication.AnonymousAuthenticationFilter@5d836822, org.springframework.security.web.session.SessionManagementFilter@8bdbd44, org.springframework.security.web.access.ExceptionTranslationFilter@1e066314, org.springframework.security.web.access.intercept.FilterSecurityInterceptor@6823d3ad]
2022-07-24 15:13:24.023  INFO 23336 --- [restartedMain] o.s.s.concurrent.ThreadPoolTaskExecutor  : Initializing ExecutorService 'applicationTaskExecutor'
2022-07-24 15:13:24.033 DEBUG 23336 --- [restartedMain] s.w.s.m.m.a.RequestMappingHandlerAdapter : ControllerAdvice beans: 0 @ModelAttribute, 0 @InitBinder, 1 RequestBodyAdvice, 1 ResponseBodyAdvice
2022-07-24 15:13:24.059 DEBUG 23336 --- [restartedMain] o.s.w.s.handler.SimpleUrlHandlerMapping  : Patterns [/swagger-ui/] in 'viewControllerHandlerMapping'
2022-07-24 15:13:24.070 DEBUG 23336 --- [restartedMain] o.s.w.s.c.annotation.WebMvcConfigurer    : Default resource handling disabled
2022-07-24 15:13:24.184 DEBUG 23336 --- [restartedMain] o.s.w.s.handler.SimpleUrlHandlerMapping  : Patterns [/resources/**, /swagger-ui.html, /webjars/**, /css/**, /fonts/**, /icons/**, /img/**, /js/**, /swagger-ui/**] in 'resourceHandlerMapping'
2022-07-24 15:13:24.191 DEBUG 23336 --- [restartedMain] .m.m.a.ExceptionHandlerExceptionResolver : ControllerAdvice beans: 1 @ExceptionHandler, 1 ResponseBodyAdvice
2022-07-24 15:13:24.361  INFO 23336 --- [restartedMain] o.s.b.w.embedded.tomcat.TomcatWebServer  : Tomcat started on port(s): 8080 (http) with context path ''
2022-07-24 15:13:24.539  INFO 23336 --- [restartedMain] com.ssafy.GroupCallApplication           : Started GroupCallApplication in 4.198 seconds (JVM running for 5.157)
2022-07-24 15:13:25.339  INFO 23336 --- [RMI TCP Connection(2)-192.168.219.118] o.a.c.c.C.[Tomcat].[localhost].[/]       : Initializing Spring DispatcherServlet 'dispatcherServlet'
2022-07-24 15:13:25.339  INFO 23336 --- [RMI TCP Connection(2)-192.168.219.118] o.s.web.servlet.DispatcherServlet        : Initializing Servlet 'dispatcherServlet'
2022-07-24 15:13:25.339 DEBUG 23336 --- [RMI TCP Connection(2)-192.168.219.118] o.s.web.servlet.DispatcherServlet        : Detected StandardServletMultipartResolver
2022-07-24 15:13:25.340 DEBUG 23336 --- [RMI TCP Connection(2)-192.168.219.118] o.s.web.servlet.DispatcherServlet        : Detected AcceptHeaderLocaleResolver
2022-07-24 15:13:25.340 DEBUG 23336 --- [RMI TCP Connection(2)-192.168.219.118] o.s.web.servlet.DispatcherServlet        : Detected FixedThemeResolver
2022-07-24 15:13:25.341 DEBUG 23336 --- [RMI TCP Connection(2)-192.168.219.118] o.s.web.servlet.DispatcherServlet        : Detected org.springframework.web.servlet.view.DefaultRequestToViewNameTranslator@59c6a813
2022-07-24 15:13:25.341 DEBUG 23336 --- [RMI TCP Connection(2)-192.168.219.118] o.s.web.servlet.DispatcherServlet        : Detected org.springframework.web.servlet.support.SessionFlashMapManager@34cf87be
2022-07-24 15:13:25.341 DEBUG 23336 --- [RMI TCP Connection(2)-192.168.219.118] o.s.web.servlet.DispatcherServlet        : enableLoggingRequestDetails='false': request parameters and headers will be masked to prevent unsafe logging of potentially sensitive data
2022-07-24 15:13:25.341  INFO 23336 --- [RMI TCP Connection(2)-192.168.219.118] o.s.web.servlet.DispatcherServlet        : Completed initialization in 2 ms
